llgsolver.__version__: 0.5.1
u0Ms = 0.9173450548482196 T
h_ani_x = 0 T
h_ani_z = 0.29265494515178037 T
h_therm = 0.0 T
Start hysteresis calculation with 201 points...
current/total       init_r1     init_θ1     init_φ1     init_r2     init_θ2     init_φ2
      1/201      1.00000000  0.01000000  0.00000000  1.00000000  3.13159265  0.00000000 
      2/201      1.00000000  0.01000000  0.00000000  1.00000000  3.13159265  1.39918049 
      3/201      1.00000000  0.01000000  0.00000000  1.00000000  3.13159265  3.76999865 
      4/201      1.00000000  0.01000000  0.00000000  1.00000000  3.13159265  0.82926971 
      5/201      1.00000000  0.01000000  0.00000000  1.00000000  3.13159265  5.14336418 
      6/201      1.00000000  0.01000000  0.00000000  1.00000000  3.13159265  4.14591256 
      7/201      1.00000000  0.01000000  0.00000000  1.00000000  3.13159265  4.12009952 
      8/201      1.00000000  0.01000000  0.00000000  1.00000000  3.13159265  5.06592557 
      9/201      1.00000000  0.01000000  0.00000000  1.00000000  3.13159265  0.70020546 
     10/201      1.00000000  0.01000000  0.00000000  1.00000000  3.13159265  3.58931029 
     11/201      1.00000000  0.01000000  0.00000000  1.00000000  3.13159265  1.16686954 
     12/201      1.00000000  0.01000000  0.00000000  1.00000000  3.13159265  5.99925444 
     13/201      1.00000000  0.01000000  0.00000000  1.00000000  3.13159265  5.52009447 
     14/201      1.00000000  0.01000000  0.00000000  1.00000000  3.13159265  6.01257542 
     15/201      1.00000000  0.01000000  0.00000000  1.00000000  3.13159265  1.19351231 
     16/201      1.00000000  0.01000000  0.00000000  1.00000000  3.13159265  3.62927622 
     17/201      1.00000000  0.01000000  0.00000000  1.00000000  3.13159265  0.75349740 
     18/201      1.00000000  0.01000000  0.00000000  1.00000000  3.13159265  5.13254651 
     19/201      1.00000000  0.01000000  0.00000000  1.00000000  3.13159265  4.20005345 
     20/201      1.00000000  0.01000000  0.00000000  1.00000000  3.13159265  4.23920412 
     21/201      1.00000000  0.01000000  0.00000000  1.00000000  3.13159265  5.24999908 
     22/201      1.00000000  0.01000000  0.00000000  1.00000000  3.13159265  0.94925369 
     23/201      1.00000000  0.01000000  0.00000000  1.00000000  3.13159265  3.90333940 
     24/201      1.00000000  0.01000000  0.00000000  1.00000000  3.13159265  1.54588623 
     25/201      1.00000000  0.01000000  0.00000000  1.00000000  3.13159265  0.16008031 
     26/201      1.00000000  0.01000000  0.00000000  1.00000000  3.13159265  6.02910788 
     27/201      1.00000000  0.01000000  0.00000000  1.00000000  3.13159265  0.30341401 
     28/201      1.00000000  0.01000000  0.00000000  1.00000000  3.13159265  1.83255568 
     29/201      1.00000000  0.01000000  0.00000000  1.00000000  3.13159265  4.33334877 
     30/201      1.00000000  0.01000000  0.00000000  1.00000000  3.13159265  1.52260931 
     31/201      1.00000000  0.01000000  0.00000000  1.00000000  3.13159265  5.96670935 
     32/201      1.00000000  0.01000000  0.00000000  1.00000000  3.13159265  5.09927994 
     33/201      1.00000000  0.01000000  0.00000000  1.00000000  3.13159265  5.20350815 
     34/201      1.00000000  0.01000000  0.00000000  1.00000000  3.13159265  6.27939617 
     35/201      1.00000000  0.01000000  0.00000000  1.00000000  3.13159265  2.04376077 
     36/201      1.00000000  0.01000000  0.00000000  1.00000000  3.13159265  5.06297513 
     37/201      1.00000000  0.01000000  0.00000000  1.00000000  3.13159265  2.77067156 
     38/201      1.00000000  0.01000000  0.00000000  1.00000000  3.13159265  1.45003863 
     39/201      1.00000000  0.01000000  0.00000000  1.00000000  3.13159265  1.10108012 
     40/201      1.00000000  0.01000000  0.00000000  1.00000000  3.13159265  1.72380055 
     41/201      1.00000000  0.01000000  0.00000000  1.00000000  3.13159265  3.31820485 
     42/201      1.00000000  0.01000000  0.00000000  1.00000000  3.13159265  5.88429898 
     43/201      1.00000000  0.01000000  0.00000000  1.00000000  3.13159265  3.13890478 
     44/201      1.00000000  0.01000000  0.00000000  1.00000000  3.13159265  1.36521595 
     45/201      1.00000000  0.01000000  0.00000000  1.00000000  3.13159265  0.56324271 
     46/201      1.00000000  0.01000000  0.00000000  1.00000000  3.13159265  0.73299773 
     47/201      1.00000000  0.01000000  0.00000000  1.00000000  3.13159265  1.87449646 
     48/201      1.00000000  0.01000000  0.00000000  1.00000000  3.13159265  3.98775868 
     49/201      1.00000000  0.01000000  0.00000000  1.00000000  3.13159265  0.78962444 
     50/201      1.00000000  0.01000000  0.00000000  1.00000000  3.13159265  4.84649803 
     51/201      1.00000000  0.01000000  0.00000000  1.00000000  3.13159265  3.59205456 
     52/201      1.00000000  0.01000000  0.00000000  1.00000000  3.13159265  3.30954390 
     53/201      1.00000000  0.01000000  0.00000000  1.00000000  3.13159265  3.99906128 
     54/201      1.00000000  0.01000000  0.00000000  1.00000000  3.13159265  5.66075562 
     55/201      1.00000000  0.01000000  0.00000000  1.00000000  3.13159265  2.01169404 
     56/201      1.00000000  0.01000000  0.00000000  1.00000000  3.13159265  5.61872785 
     57/201      1.00000000  0.01000000  0.00000000  1.00000000  3.13159265  3.91658989 
     58/201      1.00000000  0.01000000  0.00000000  1.00000000  3.13159265  3.19208405 
     59/201      1.00000000  0.01000000  0.00000000  1.00000000  3.13159265  3.48272888 
     60/201      1.00000000  0.01000000  0.00000000  1.00000000  0.01000000  2.53194149 
     61/201      1.00000000  0.01000000  0.00000000  1.00000000  0.01000000  5.27733569 
     62/201      1.00000000  0.01000000  0.00000000  1.00000000  0.01000000  2.71124156 
     63/201      1.00000000  0.01000000  0.00000000  1.00000000  0.01000000  1.11683726 
     64/201      1.00000000  0.01000000  0.00000000  1.00000000  0.01000000  0.49411683 
     65/201      1.00000000  0.01000000  0.00000000  1.00000000  0.01000000  0.84307534 
     66/201      1.00000000  0.01000000  0.00000000  1.00000000  0.01000000  2.16370827 
     67/201      1.00000000  0.01000000  0.00000000  1.00000000  0.01000000  4.45601184 
     68/201      1.00000000  0.01000000  0.00000000  1.00000000  0.01000000  1.43679748 
     69/201      1.00000000  0.01000000  0.00000000  1.00000000  0.01000000  5.67243288 
     70/201      1.00000000  0.01000000  0.00000000  1.00000000  0.01000000  4.59654486 
     71/201      1.00000000  0.01000000  0.00000000  1.00000000  0.01000000  4.49231665 
     72/201      1.00000000  0.01000000  0.00000000  1.00000000  0.01000000  5.35974606 
     73/201      1.00000000  0.01000000  0.00000000  1.00000000  0.01000000  0.91564602 
     74/201      1.00000000  0.01000000  0.00000000  1.00000000  0.01000000  3.72638548 
     75/201      1.00000000  0.01000000  0.00000000  1.00000000  0.01000000  1.22559239 
     76/201      1.00000000  0.01000000  0.00000000  1.00000000  0.01000000  5.97963603 
     77/201      1.00000000  0.01000000  0.00000000  1.00000000  0.01000000  5.42214460 
     78/201      1.00000000  0.01000000  0.00000000  1.00000000  0.01000000  5.83630232 
     79/201      1.00000000  0.01000000  0.00000000  1.00000000  0.01000000  0.93892294 
     80/201      1.00000000  0.01000000  0.00000000  1.00000000  0.01000000  3.29637611 
     81/201      1.00000000  0.01000000  0.00000000  1.00000000  0.01000000  0.34229041 
     82/201      1.00000000  0.01000000  0.00000000  1.00000000  0.01000000  4.64303579 
     83/201      1.00000000  0.01000000  0.00000000  1.00000000  0.01000000  3.63224083 
     84/201      1.00000000  0.01000000  0.00000000  1.00000000  0.01000000  3.59309016 
     85/201      1.00000000  0.01000000  0.00000000  1.00000000  0.01000000  4.52558322 
     86/201      1.00000000  0.01000000  0.00000000  1.00000000  0.01000000  0.14653411 
     87/201      1.00000000  0.01000000  0.00000000  1.00000000  0.01000000  3.02231293 
     88/201      1.00000000  0.01000000  0.00000000  1.00000000  0.01000000  0.58654902 
     89/201      1.00000000  0.01000000  0.00000000  1.00000000  0.01000000  5.40561213 
     90/201      1.00000000  0.01000000  0.00000000  1.00000000  0.01000000  4.91313118 
     91/201      1.00000000  0.01000000  0.00000000  1.00000000  0.01000000  5.39229115 
     92/201      1.00000000  0.01000000  0.00000000  1.00000000  0.01000000  0.55990625 
     93/201      1.00000000  0.01000000  0.00000000  1.00000000  0.01000000  2.98234700 
     94/201      1.00000000  0.01000000  0.00000000  1.00000000  0.01000000  0.09324217 
     95/201      1.00000000  0.01000000  0.00000000  1.00000000  0.01000000  4.45896228 
     96/201      1.00000000  0.01000000  0.00000000  1.00000000  0.01000000  3.51313623 
     97/201      1.00000000  0.01000000  0.00000000  1.00000000  0.01000000  3.53894927 
     98/201      1.00000000  0.01000000  0.00000000  1.00000000  0.01000000  4.53640089 
     99/201      1.00000000  0.01000000  0.00000000  1.00000000  0.01000000  0.22230642 
    100/201      1.00000000  0.01000000  0.00000000  1.00000000  0.01000000  3.16303536 
    101/201      1.00000000  0.01000000  0.00000000  1.00000000  0.01000000  0.79221720 
    102/201      1.00000000  0.01000000  0.00000000  1.00000000  0.01000000  5.67622202 
    103/201      1.00000000  0.01000000  0.00000000  1.00000000  0.01000000  3.30540386 
    104/201      1.00000000  0.01000000  0.00000000  1.00000000  0.01000000  6.24613279 
    105/201      1.00000000  0.01000000  0.00000000  1.00000000  0.01000000  1.93203833 
    106/201      1.00000000  0.01000000  0.00000000  1.00000000  0.01000000  2.92948994 
    107/201      1.00000000  0.01000000  0.00000000  1.00000000  0.01000000  2.95530299 
    108/201      1.00000000  0.01000000  0.00000000  1.00000000  0.01000000  2.00947693 
    109/201      1.00000000  0.01000000  0.00000000  1.00000000  0.01000000  0.09201174 
    110/201      1.00000000  0.01000000  0.00000000  1.00000000  0.01000000  3.48609222 
    111/201      1.00000000  0.01000000  0.00000000  1.00000000  0.01000000  5.90853296 
    112/201      1.00000000  0.01000000  0.00000000  1.00000000  0.01000000  1.07614807 
    113/201      1.00000000  0.01000000  0.00000000  1.00000000  0.01000000  1.55530804 
    114/201      1.00000000  0.01000000  0.00000000  1.00000000  0.01000000  1.06282709 
    115/201      1.00000000  0.01000000  0.00000000  1.00000000  0.01000000  5.88189019 
    116/201      1.00000000  0.01000000  0.00000000  1.00000000  0.01000000  3.44612628 
    117/201      1.00000000  0.01000000  0.00000000  1.00000000  0.01000000  0.03871980 
    118/201      1.00000000  0.01000000  0.00000000  1.00000000  0.01000000  1.94285600 
    119/201      1.00000000  0.01000000  0.00000000  1.00000000  0.01000000  2.87534905 
    120/201      1.00000000  0.01000000  0.00000000  1.00000000  0.01000000  2.83619839 
    121/201      1.00000000  0.01000000  0.00000000  1.00000000  0.01000000  1.82540342 
    122/201      1.00000000  0.01000000  0.00000000  1.00000000  0.01000000  6.12614881 
    123/201      1.00000000  0.01000000  0.00000000  1.00000000  0.01000000  3.17206311 
    124/201      1.00000000  0.01000000  0.00000000  1.00000000  0.01000000  5.52951628 
    125/201      1.00000000  0.01000000  0.00000000  1.00000000  0.01000000  0.63213689 
    126/201      1.00000000  0.01000000  0.00000000  1.00000000  0.01000000  1.04629462 
    127/201      1.00000000  0.01000000  0.00000000  1.00000000  0.01000000  0.48880319 
    128/201      1.00000000  0.01000000  0.00000000  1.00000000  0.01000000  5.24284683 
    129/201      1.00000000  0.01000000  0.00000000  1.00000000  0.01000000  2.74205373 
    130/201      1.00000000  0.01000000  0.00000000  1.00000000  0.01000000  5.55279319 
    131/201      1.00000000  0.01000000  0.00000000  1.00000000  0.01000000  1.10869315 
    132/201      1.00000000  0.01000000  0.00000000  1.00000000  0.01000000  1.97612256 
    133/201      1.00000000  0.01000000  0.00000000  1.00000000  0.01000000  1.87189435 
    134/201      1.00000000  0.01000000  0.00000000  1.00000000  0.01000000  0.79600633 
    135/201      1.00000000  0.01000000  0.00000000  1.00000000  0.01000000  5.03164173 
    136/201      1.00000000  0.01000000  0.00000000  1.00000000  0.01000000  2.01242738 
    137/201      1.00000000  0.01000000  0.00000000  1.00000000  0.01000000  4.30473094 
    138/201      1.00000000  0.01000000  0.00000000  1.00000000  0.01000000  5.62536387 
    139/201      1.00000000  0.01000000  0.00000000  1.00000000  0.01000000  5.97432239 
    140/201      1.00000000  0.01000000  0.00000000  1.00000000  0.01000000  5.35160196 
    141/201      1.00000000  0.01000000  0.00000000  1.00000000  0.01000000  3.75719766 
    142/201      1.00000000  0.01000000  0.00000000  1.00000000  0.01000000  1.19110353 
    143/201      1.00000000  0.01000000  0.00000000  1.00000000  0.01000000  3.93649773 
    144/201      1.00000000  0.01000000  0.00000000  1.00000000  0.01000000  5.71018655 
    145/201      1.00000000  0.01000000  0.00000000  1.00000000  0.01000000  0.22897449 
    146/201      1.00000000  0.01000000  0.00000000  1.00000000  0.01000000  0.05921946 
    147/201      1.00000000  0.01000000  0.00000000  1.00000000  0.01000000  5.20090605 
    148/201      1.00000000  0.01000000  0.00000000  1.00000000  0.01000000  3.08764382 
    149/201      1.00000000  0.01000000  0.00000000  1.00000000  0.01000000  0.00259276 
    150/201      1.00000000  0.01000000  0.00000000  1.00000000  0.01000000  2.22890448 
    151/201      1.00000000  0.01000000  0.00000000  1.00000000  0.01000000  3.48334794 
    152/201      1.00000000  0.01000000  0.00000000  1.00000000  0.01000000  3.76585861 
    153/201      1.00000000  0.01000000  0.00000000  1.00000000  0.01000000  3.07634123 
    154/201      1.00000000  0.01000000  0.00000000  1.00000000  0.01000000  1.41464688 
    155/201      1.00000000  0.01000000  0.00000000  1.00000000  0.01000000  5.06370846 
    156/201      1.00000000  0.01000000  0.00000000  1.00000000  0.01000000  1.45667466 
    157/201      1.00000000  0.01000000  0.00000000  1.00000000  0.01000000  3.15881262 
    158/201      1.00000000  0.01000000  0.00000000  1.00000000  0.01000000  3.88331845 
    159/201      1.00000000  0.01000000  0.00000000  1.00000000  0.01000000  3.59267363 
    160/201      1.00000000  0.01000000  0.00000000  1.00000000  3.13159265  4.54346102 
    161/201      1.00000000  0.01000000  0.00000000  1.00000000  3.13159265  1.79806682 
    162/201      1.00000000  0.01000000  0.00000000  1.00000000  3.13159265  4.36416095 
    163/201      1.00000000  0.01000000  0.00000000  1.00000000  3.13159265  5.95856525 
    164/201      1.00000000  0.01000000  0.00000000  1.00000000  3.13159265  0.29810037 
    165/201      1.00000000  0.01000000  0.00000000  1.00000000  3.13159265  6.23232717 
    166/201      1.00000000  0.01000000  0.00000000  1.00000000  3.13159265  4.91169423 
    167/201      1.00000000  0.01000000  0.00000000  1.00000000  3.13159265  2.61939067 
    168/201      1.00000000  0.01000000  0.00000000  1.00000000  3.13159265  5.63860502 
    169/201      1.00000000  0.01000000  0.00000000  1.00000000  3.13159265  1.40296963 
    170/201      1.00000000  0.01000000  0.00000000  1.00000000  3.13159265  2.47885764 
    171/201      1.00000000  0.01000000  0.00000000  1.00000000  3.13159265  2.58308585 
    172/201      1.00000000  0.01000000  0.00000000  1.00000000  3.13159265  1.71565644 
    173/201      1.00000000  0.01000000  0.00000000  1.00000000  3.13159265  6.15975649 
    174/201      1.00000000  0.01000000  0.00000000  1.00000000  3.13159265  3.34901702 
    175/201      1.00000000  0.01000000  0.00000000  1.00000000  3.13159265  5.84981012 
    176/201      1.00000000  0.01000000  0.00000000  1.00000000  3.13159265  1.09576648 
    177/201      1.00000000  0.01000000  0.00000000  1.00000000  3.13159265  1.65325791 
    178/201      1.00000000  0.01000000  0.00000000  1.00000000  3.13159265  1.23910018 
    179/201      1.00000000  0.01000000  0.00000000  1.00000000  3.13159265  6.13647957 
    180/201      1.00000000  0.01000000  0.00000000  1.00000000  3.13159265  3.77902640 
    181/201      1.00000000  0.01000000  0.00000000  1.00000000  3.13159265  0.44992679 
    182/201      1.00000000  0.01000000  0.00000000  1.00000000  3.13159265  2.43236672 
    183/201      1.00000000  0.01000000  0.00000000  1.00000000  3.13159265  3.44316168 
    184/201      1.00000000  0.01000000  0.00000000  1.00000000  3.13159265  3.48231235 
    185/201      1.00000000  0.01000000  0.00000000  1.00000000  3.13159265  2.54981929 
    186/201      1.00000000  0.01000000  0.00000000  1.00000000  3.13159265  0.64568309 
    187/201      1.00000000  0.01000000  0.00000000  1.00000000  3.13159265  4.05308958 
    188/201      1.00000000  0.01000000  0.00000000  1.00000000  3.13159265  0.20566818 
    189/201      1.00000000  0.01000000  0.00000000  1.00000000  3.13159265  1.66979038 
    190/201      1.00000000  0.01000000  0.00000000  1.00000000  3.13159265  2.16227133 
    191/201      1.00000000  0.01000000  0.00000000  1.00000000  3.13159265  1.68311136 
    192/201      1.00000000  0.01000000  0.00000000  1.00000000  3.13159265  0.23231095 
    193/201      1.00000000  0.01000000  0.00000000  1.00000000  3.13159265  4.09305551 
    194/201      1.00000000  0.01000000  0.00000000  1.00000000  3.13159265  0.69897503 
    195/201      1.00000000  0.01000000  0.00000000  1.00000000  3.13159265  2.61644022 
    196/201      1.00000000  0.01000000  0.00000000  1.00000000  3.13159265  3.56226628 
    197/201      1.00000000  0.01000000  0.00000000  1.00000000  3.13159265  3.53645323 
    198/201      1.00000000  0.01000000  0.00000000  1.00000000  3.13159265  2.53900162 
    199/201      1.00000000  0.01000000  0.00000000  1.00000000  3.13159265  0.56991078 
    200/201      1.00000000  0.01000000  0.00000000  1.00000000  3.13159265  3.91236715 
    201/201      1.00000000  0.01000000  0.00000000  1.00000000  3.13159265  0.00000000 
'solve_hysteresis'  31181.08 ms
