llgsolver.__version__: 0.5.1
u0Ms = 0.9047786842338604 T
h_ani_x = 0 T
h_ani_z = 0.01 T
h_therm = 0.0 T
Start hysteresis calculation with 201 points...
current/total       init_r1     init_θ1     init_φ1     init_r2     init_θ2     init_φ2
      1/201      1.00000000  0.01000000  0.00000000  1.00000000  1.57079633  3.15159265 
      2/201      1.00000000  0.01000000  0.00000000  1.00000000  1.57079633  3.15159265 
      3/201      1.00000000  0.01000000  0.00000000  1.00000000  1.57079633  3.15159265 
      4/201      1.00000000  0.01000000  0.00000000  1.00000000  1.57079633  3.15159265 
      5/201      1.00000000  0.01000000  0.00000000  1.00000000  1.57079633  3.15159265 
      6/201      1.00000000  0.01000000  0.00000000  1.00000000  1.57079633  3.15159265 
      7/201      1.00000000  0.01000000  0.00000000  1.00000000  1.57079633  3.15159265 
      8/201      1.00000000  0.01000000  0.00000000  1.00000000  1.57079633  3.15159265 
      9/201      1.00000000  0.01000000  0.00000000  1.00000000  1.57079633  3.15159265 
     10/201      1.00000000  0.01000000  0.00000000  1.00000000  1.57079633  3.15159265 
     11/201      1.00000000  0.01000000  0.00000000  1.00000000  1.57079633  3.15159265 
     12/201      1.00000000  0.01000000  0.00000000  1.00000000  1.57079633  3.15159265 
     13/201      1.00000000  0.01000000  0.00000000  1.00000000  1.57079633  3.15159265 
     14/201      1.00000000  0.01000000  0.00000000  1.00000000  1.57079633  3.15159265 
     15/201      1.00000000  0.01000000  0.00000000  1.00000000  1.57079633  3.15159265 
     16/201      1.00000000  0.01000000  0.00000000  1.00000000  1.57079633  3.15159265 
     17/201      1.00000000  0.01000000  0.00000000  1.00000000  1.57079633  3.15159265 
     18/201      1.00000000  0.01000000  0.00000000  1.00000000  1.57079633  3.15159265 
     19/201      1.00000000  0.01000000  0.00000000  1.00000000  1.57079633  3.15159265 
     20/201      1.00000000  0.01000000  0.00000000  1.00000000  1.57079633  3.15159265 
     21/201      1.00000000  0.01000000  0.00000000  1.00000000  1.57079633  3.15159265 
     22/201      1.00000000  0.01000000  0.00000000  1.00000000  1.57079633  3.15159265 
     23/201      1.00000000  0.01000000  0.00000000  1.00000000  1.57079633  3.15159265 
     24/201      1.00000000  0.01000000  0.00000000  1.00000000  1.57079633  3.15159265 
     25/201      1.00000000  0.01000000  0.00000000  1.00000000  1.57079633  3.15159265 
     26/201      1.00000000  0.01000000  0.00000000  1.00000000  1.57079633  3.15159265 
     27/201      1.00000000  0.01000000  0.00000000  1.00000000  1.57079633  3.15159265 
     28/201      1.00000000  0.01000000  0.00000000  1.00000000  1.28716500  3.14133889 
     29/201      1.00000000  0.01000000  0.00000000  1.00000000  1.16845832  3.14164078 
     30/201      1.00000000  0.01000000  0.00000000  1.00000000  1.07608681  3.14157443 
     31/201      1.00000000  0.01000000  0.00000000  1.00000000  0.99715151  3.14162648 
     32/201      1.00000000  0.01000000  0.00000000  1.00000000  0.92726325  3.14165801 
     33/201      1.00000000  0.01000000  0.00000000  1.00000000  0.86337655  3.14159535 
     34/201      1.00000000  0.01000000  0.00000000  1.00000000  0.80381572  3.14155160 
     35/201      1.00000000  0.01000000  0.00000000  1.00000000  0.74778087  3.14156406 
     36/201      1.00000000  0.01000000  0.00000000  1.00000000  0.69449621  3.14162114 
     37/201      1.00000000  0.01000000  0.00000000  1.00000000  0.64351292  3.14161078 
     38/201      1.00000000  0.01000000  0.00000000  1.00000000  0.59437209  3.14158942 
     39/201      1.00000000  0.01000000  0.00000000  1.00000000  0.54684013  3.14159496 
     40/201      1.00000000  0.01000000  0.00000000  1.00000000  0.50066323  3.14159639 
     41/201      1.00000000  0.01000000  0.00000000  1.00000000  0.45559958  3.14160716 
     42/201      1.00000000  0.01000000  0.00000000  1.00000000  0.41152205  3.14159936 
     43/201      1.00000000  0.01000000  0.00000000  1.00000000  0.36826405  3.14158412 
     44/201      1.00000000  0.01000000  0.00000000  1.00000000  0.32573183  3.14158174 
     45/201      1.00000000  0.01000000  0.00000000  1.00000000  0.28379477  3.14157969 
     46/201      1.00000000  0.01000000  0.00000000  1.00000000  0.24236269  3.14159804 
     47/201      1.00000000  0.01000000  0.00000000  1.00000000  0.20135935  3.14157906 
     48/201      1.00000000  0.01000000  0.00000000  1.00000000  0.16069342  3.14158749 
     49/201      1.00000000  0.01000000  0.00000000  1.00000000  0.12029111  3.14157253 
     50/201      1.00000000  0.01000000  0.00000000  1.00000000  0.08008313  3.14160398 
     51/201      1.00000000  0.01000000  0.00000000  1.00000000  0.04001167  3.14153415 
     52/201      1.00000000  0.01000000  0.00000000  1.00000000  0.01000000  2.74523604 
     53/201      1.00000000  0.01000000  0.00000000  1.00000000  0.04000974  0.00007493 
     54/201      1.00000000  0.01000000  0.00000000  1.00000000  0.08008803  6.28317399 
     55/201      1.00000000  0.01000000  0.00000000  1.00000000  0.12028866  0.00002012 
     56/201      1.00000000  0.01000000  0.00000000  1.00000000  0.16068789  0.00000516 
     57/201      1.00000000  0.01000000  0.00000000  1.00000000  0.20135649  0.00001359 
     58/201      1.00000000  0.01000000  0.00000000  1.00000000  0.24236901  6.28317992 
     59/201      1.00000000  0.01000000  0.00000000  1.00000000  0.28379344  0.00001296 
     60/201      1.00000000  0.01000000  0.00000000  1.00000000  0.32572714  0.00001091 
     61/201      1.00000000  0.01000000  0.00000000  1.00000000  0.36827174  0.00000854 
     62/201      1.00000000  0.01000000  0.00000000  1.00000000  0.41151165  6.28317860 
     63/201      1.00000000  0.01000000  0.00000000  1.00000000  0.45559777  6.28317080 
     64/201      1.00000000  0.01000000  0.00000000  1.00000000  0.50064619  6.28318155 
     65/201      1.00000000  0.01000000  0.00000000  1.00000000  0.54686178  6.28318302 
     66/201      1.00000000  0.01000000  0.00000000  1.00000000  0.59439950  0.00000326 
     67/201      1.00000000  0.01000000  0.00000000  1.00000000  0.64348931  6.28316717 
     68/201      1.00000000  0.01000000  0.00000000  1.00000000  0.69450038  6.28315683 
     69/201      1.00000000  0.01000000  0.00000000  1.00000000  0.74774431  0.00002852 
     70/201      1.00000000  0.01000000  0.00000000  1.00000000  0.80378882  0.00004100 
     71/201      1.00000000  0.01000000  0.00000000  1.00000000  0.86324964  6.28318254 
     72/201      1.00000000  0.01000000  0.00000000  1.00000000  0.92732749  6.28311983 
     73/201      1.00000000  0.01000000  0.00000000  1.00000000  0.99741517  6.28315263 
     74/201      1.00000000  0.01000000  0.00000000  1.00000000  1.07563829  0.00001571 
     75/201      1.00000000  0.01000000  0.00000000  1.00000000  1.16770552  6.28313290 
     76/201      1.00000000  0.01000000  0.00000000  1.00000000  1.28637004  0.00016701 
     77/201      1.00000000  0.01000000  0.00000000  1.00000000  1.57079633  0.01000000 
     78/201      1.00000000  0.01000000  0.00000000  1.00000000  1.57067275  6.28313678 
     79/201      1.00000000  0.01000000  0.00000000  1.00000000  1.57079695  6.28318518 
     80/201      1.00000000  0.01000000  0.00000000  1.00000000  1.57079633  0.01000000 
     81/201      1.00000000  0.01000000  0.00000000  1.00000000  1.57075532  6.28317785 
     82/201      1.00000000  0.01000000  0.00000000  1.00000000  1.57079638  6.28318530 
     83/201      1.00000000  0.01000000  0.00000000  1.00000000  1.57079633  0.01000000 
     84/201      1.00000000  0.01000000  0.00000000  1.00000000  1.57079633  0.01000000 
     85/201      1.00000000  0.01000000  0.00000000  1.00000000  1.57079633  0.01000000 
     86/201      1.00000000  0.01000000  0.00000000  1.00000000  1.57080095  6.28318479 
     87/201      1.00000000  0.01000000  0.00000000  1.00000000  1.57079633  0.01000000 
     88/201      1.00000000  0.01000000  0.00000000  1.00000000  1.57079678  6.28318421 
     89/201      1.00000000  0.01000000  0.00000000  1.00000000  1.57079633  0.01000000 
     90/201      1.00000000  0.01000000  0.00000000  1.00000000  1.57079633  0.01000000 
     91/201      1.00000000  0.01000000  0.00000000  1.00000000  1.57079633  0.01000000 
     92/201      1.00000000  0.01000000  0.00000000  1.00000000  1.57079633  0.01000000 
     93/201      1.00000000  0.01000000  0.00000000  1.00000000  1.57079658  6.28318527 
     94/201      1.00000000  0.01000000  0.00000000  1.00000000  1.57079633  0.01000000 
     95/201      1.00000000  0.01000000  0.00000000  1.00000000  1.57079622  6.28318528 
     96/201      1.00000000  0.01000000  0.00000000  1.00000000  1.57079633  0.01000000 
     97/201      1.00000000  0.01000000  0.00000000  1.00000000  1.57079638  6.28318530 
     98/201      1.00000000  0.01000000  0.00000000  1.00000000  1.57079633  0.01000000 
     99/201      1.00000000  0.01000000  0.00000000  1.00000000  1.57079633  0.01000000 
    100/201      1.00000000  0.01000000  0.00000000  1.00000000  1.57079634  6.28318530 
    101/201      1.00000000  0.01000000  0.00000000  1.00000000  1.57079633  0.01000000 
    102/201      1.00000000  0.01000000  0.00000000  1.00000000  1.57079633  6.28318530 
    103/201      1.00000000  0.01000000  0.00000000  1.00000000  1.57079633  0.01000000 
    104/201      1.00000000  0.01000000  0.00000000  1.00000000  1.57079634  6.28318530 
    105/201      1.00000000  0.01000000  0.00000000  1.00000000  1.57079633  0.01000000 
    106/201      1.00000000  0.01000000  0.00000000  1.00000000  1.57079630  6.28318529 
    107/201      1.00000000  0.01000000  0.00000000  1.00000000  1.57079633  0.01000000 
    108/201      1.00000000  0.01000000  0.00000000  1.00000000  1.57079633  0.01000000 
    109/201      1.00000000  0.01000000  0.00000000  1.00000000  1.57079622  6.28318528 
    110/201      1.00000000  0.01000000  0.00000000  1.00000000  1.57079633  0.01000000 
    111/201      1.00000000  0.01000000  0.00000000  1.00000000  1.57079658  6.28318527 
    112/201      1.00000000  0.01000000  0.00000000  1.00000000  1.57079633  0.01000000 
    113/201      1.00000000  0.01000000  0.00000000  1.00000000  1.57079633  0.01000000 
    114/201      1.00000000  0.01000000  0.00000000  1.00000000  1.57079633  0.01000000 
    115/201      1.00000000  0.01000000  0.00000000  1.00000000  1.57079633  0.01000000 
    116/201      1.00000000  0.01000000  0.00000000  1.00000000  1.57079678  6.28318421 
    117/201      1.00000000  0.01000000  0.00000000  1.00000000  1.57079633  0.01000000 
    118/201      1.00000000  0.01000000  0.00000000  1.00000000  1.57080095  6.28318479 
    119/201      1.00000000  0.01000000  0.00000000  1.00000000  1.57079633  0.01000000 
    120/201      1.00000000  0.01000000  0.00000000  1.00000000  1.57079633  0.01000000 
    121/201      1.00000000  0.01000000  0.00000000  1.00000000  1.57079633  0.01000000 
    122/201      1.00000000  0.01000000  0.00000000  1.00000000  1.57078216  6.28317535 
    123/201      1.00000000  0.01000000  0.00000000  1.00000000  1.57079638  6.28318531 
    124/201      1.00000000  0.01000000  0.00000000  1.00000000  1.57079633  0.01000000 
    125/201      1.00000000  0.01000000  0.00000000  1.00000000  1.57066205  6.28318322 
    126/201      1.00000000  0.01000000  0.00000000  1.00000000  1.57079691  6.28318522 
    127/201      1.00000000  0.01000000  0.00000000  1.00000000  1.57079633  0.01000000 
    128/201      1.00000000  0.01000000  0.00000000  1.00000000  1.28716500  6.28293154 
    129/201      1.00000000  0.01000000  0.00000000  1.00000000  1.16845832  0.00004812 
    130/201      1.00000000  0.01000000  0.00000000  1.00000000  1.07608681  6.28316709 
    131/201      1.00000000  0.01000000  0.00000000  1.00000000  0.99715151  0.00003383 
    132/201      1.00000000  0.01000000  0.00000000  1.00000000  0.92726325  0.00006535 
    133/201      1.00000000  0.01000000  0.00000000  1.00000000  0.86337655  0.00000270 
    134/201      1.00000000  0.01000000  0.00000000  1.00000000  0.80381572  6.28314425 
    135/201      1.00000000  0.01000000  0.00000000  1.00000000  0.74778087  6.28315671 
    136/201      1.00000000  0.01000000  0.00000000  1.00000000  0.69449621  0.00002849 
    137/201      1.00000000  0.01000000  0.00000000  1.00000000  0.64351292  0.00001812 
    138/201      1.00000000  0.01000000  0.00000000  1.00000000  0.59437209  6.28318207 
    139/201      1.00000000  0.01000000  0.00000000  1.00000000  0.54684013  0.00000231 
    140/201      1.00000000  0.01000000  0.00000000  1.00000000  0.50066323  0.00000374 
    141/201      1.00000000  0.01000000  0.00000000  1.00000000  0.45559958  0.00001451 
    142/201      1.00000000  0.01000000  0.00000000  1.00000000  0.41152205  0.00000670 
    143/201      1.00000000  0.01000000  0.00000000  1.00000000  0.36826405  6.28317677 
    144/201      1.00000000  0.01000000  0.00000000  1.00000000  0.32573183  6.28317440 
    145/201      1.00000000  0.01000000  0.00000000  1.00000000  0.28379477  6.28317235 
    146/201      1.00000000  0.01000000  0.00000000  1.00000000  0.24236269  0.00000539 
    147/201      1.00000000  0.01000000  0.00000000  1.00000000  0.20135935  6.28317172 
    148/201      1.00000000  0.01000000  0.00000000  1.00000000  0.16069342  6.28318014 
    149/201      1.00000000  0.01000000  0.00000000  1.00000000  0.12029111  6.28316518 
    150/201      1.00000000  0.01000000  0.00000000  1.00000000  0.08008313  0.00001132 
    151/201      1.00000000  0.01000000  0.00000000  1.00000000  0.04001167  6.28312680 
    152/201      1.00000000  0.01000000  0.00000000  1.00000000  0.01000000  5.88682870 
    153/201      1.00000000  0.01000000  0.00000000  1.00000000  0.04000974  3.14166758 
    154/201      1.00000000  0.01000000  0.00000000  1.00000000  0.08008803  3.14158134 
    155/201      1.00000000  0.01000000  0.00000000  1.00000000  0.12028866  3.14161277 
    156/201      1.00000000  0.01000000  0.00000000  1.00000000  0.16068789  3.14159782 
    157/201      1.00000000  0.01000000  0.00000000  1.00000000  0.20135649  3.14160624 
    158/201      1.00000000  0.01000000  0.00000000  1.00000000  0.24236901  3.14158727 
    159/201      1.00000000  0.01000000  0.00000000  1.00000000  0.28379344  3.14160561 
    160/201      1.00000000  0.01000000  0.00000000  1.00000000  0.32572714  3.14160356 
    161/201      1.00000000  0.01000000  0.00000000  1.00000000  0.36827174  3.14160119 
    162/201      1.00000000  0.01000000  0.00000000  1.00000000  0.41151165  3.14158595 
    163/201      1.00000000  0.01000000  0.00000000  1.00000000  0.45559777  3.14157815 
    164/201      1.00000000  0.01000000  0.00000000  1.00000000  0.50064619  3.14158890 
    165/201      1.00000000  0.01000000  0.00000000  1.00000000  0.54686178  3.14159037 
    166/201      1.00000000  0.01000000  0.00000000  1.00000000  0.59439950  3.14159591 
    167/201      1.00000000  0.01000000  0.00000000  1.00000000  0.64348931  3.14157451 
    168/201      1.00000000  0.01000000  0.00000000  1.00000000  0.69450038  3.14156418 
    169/201      1.00000000  0.01000000  0.00000000  1.00000000  0.74774431  3.14162117 
    170/201      1.00000000  0.01000000  0.00000000  1.00000000  0.80378882  3.14163365 
    171/201      1.00000000  0.01000000  0.00000000  1.00000000  0.86324964  3.14158989 
    172/201      1.00000000  0.01000000  0.00000000  1.00000000  0.92732749  3.14152718 
    173/201      1.00000000  0.01000000  0.00000000  1.00000000  0.99741517  3.14155997 
    174/201      1.00000000  0.01000000  0.00000000  1.00000000  1.07563829  3.14160836 
    175/201      1.00000000  0.01000000  0.00000000  1.00000000  1.16770552  3.14154025 
    176/201      1.00000000  0.01000000  0.00000000  1.00000000  1.28637004  3.14175967 
    177/201      1.00000000  0.01000000  0.00000000  1.00000000  1.57079633  3.15159265 
    178/201      1.00000000  0.01000000  0.00000000  1.00000000  1.57079633  3.15159265 
    179/201      1.00000000  0.01000000  0.00000000  1.00000000  1.57079633  3.15159265 
    180/201      1.00000000  0.01000000  0.00000000  1.00000000  1.57079633  3.15159265 
    181/201      1.00000000  0.01000000  0.00000000  1.00000000  1.57079633  3.15159265 
    182/201      1.00000000  0.01000000  0.00000000  1.00000000  1.57079633  3.15159265 
    183/201      1.00000000  0.01000000  0.00000000  1.00000000  1.57079633  3.15159265 
    184/201      1.00000000  0.01000000  0.00000000  1.00000000  1.57079633  3.15159265 
    185/201      1.00000000  0.01000000  0.00000000  1.00000000  1.57079633  3.15159265 
    186/201      1.00000000  0.01000000  0.00000000  1.00000000  1.57079633  3.15159265 
    187/201      1.00000000  0.01000000  0.00000000  1.00000000  1.57079633  3.15159265 
    188/201      1.00000000  0.01000000  0.00000000  1.00000000  1.57079633  3.15159265 
    189/201      1.00000000  0.01000000  0.00000000  1.00000000  1.57079633  3.15159265 
    190/201      1.00000000  0.01000000  0.00000000  1.00000000  1.57079633  3.15159265 
    191/201      1.00000000  0.01000000  0.00000000  1.00000000  1.57079633  3.15159265 
    192/201      1.00000000  0.01000000  0.00000000  1.00000000  1.57079633  3.15159265 
    193/201      1.00000000  0.01000000  0.00000000  1.00000000  1.57079633  3.15159265 
    194/201      1.00000000  0.01000000  0.00000000  1.00000000  1.57079633  3.15159265 
    195/201      1.00000000  0.01000000  0.00000000  1.00000000  1.57079633  3.15159265 
    196/201      1.00000000  0.01000000  0.00000000  1.00000000  1.57079633  3.15159265 
    197/201      1.00000000  0.01000000  0.00000000  1.00000000  1.57079633  3.15159265 
    198/201      1.00000000  0.01000000  0.00000000  1.00000000  1.57079633  3.15159265 
    199/201      1.00000000  0.01000000  0.00000000  1.00000000  1.57079633  3.15159265 
    200/201      1.00000000  0.01000000  0.00000000  1.00000000  1.57079633  3.15159265 
    201/201      1.00000000  0.01000000  0.00000000  1.00000000  1.57079633  3.15159265 
'solve_hysteresis'  127248.76 ms
