llgsolver.__version__: 0.5.1
u0Ms = 0.9047786842338604 T
h_ani_x = 0.01 T
h_ani_z = -7.66477868423386 T
h_therm = 0.0 T
Start hysteresis calculation with 101 points...
current/total       init_r1     init_θ1     init_φ1     init_r2     init_θ2     init_φ2
      1/101      1.00000000  0.01000000  0.00000000  1.00000000  1.57079633  3.15159265 
      2/101      1.00000000  0.01000000  0.00000000  1.00000000  1.57079633  3.15159265 
      3/101      1.00000000  0.01000000  0.00000000  1.00000000  1.57079633  3.15159265 
      4/101      1.00000000  0.01000000  0.00000000  1.00000000  1.57079633  3.15159265 
      5/101      1.00000000  0.01000000  0.00000000  1.00000000  1.57079633  3.15159265 
      6/101      1.00000000  0.01000000  0.00000000  1.00000000  1.57079633  3.15159265 
      7/101      1.00000000  0.01000000  0.00000000  1.00000000  1.57079633  3.15159265 
      8/101      1.00000000  0.01000000  0.00000000  1.00000000  1.57079633  3.15159265 
      9/101      1.00000000  0.01000000  0.00000000  1.00000000  1.57079633  3.15159265 
     10/101      1.00000000  0.01000000  0.00000000  1.00000000  1.57079633  3.15159265 
     11/101      1.00000000  0.01000000  0.00000000  1.00000000  1.57079633  3.15159265 
     12/101      1.00000000  0.01000000  0.00000000  1.00000000  1.57079633  3.15159265 
     13/101      1.00000000  0.01000000  0.00000000  1.00000000  1.57079633  3.15159265 
     14/101      1.00000000  0.01000000  0.00000000  1.00000000  1.57079633  3.15159265 
     15/101      1.00000000  0.01000000  0.00000000  1.00000000  1.57079633  3.15159265 
     16/101      1.00000000  0.01000000  0.00000000  1.00000000  1.57079633  3.15159265 
     17/101      1.00000000  0.01000000  0.00000000  1.00000000  1.57079633  3.15159265 
     18/101      1.00000000  0.01000000  0.00000000  1.00000000  1.57079633  3.15159265 
     19/101      1.00000000  0.01000000  0.00000000  1.00000000  1.57079633  3.15159265 
     20/101      1.00000000  0.01000000  0.00000000  1.00000000  1.57079633  3.15159265 
     21/101      1.00000000  0.01000000  0.00000000  1.00000000  1.57079633  3.15159265 
     22/101      1.00000000  0.01000000  0.00000000  1.00000000  1.57079633  3.15159265 
     23/101      1.00000000  0.01000000  0.00000000  1.00000000  1.57079633  3.15159265 
     24/101      1.00000000  0.01000000  0.00000000  1.00000000  1.57079633  3.15159265 
     25/101      1.00000000  0.01000000  0.00000000  1.00000000  1.57079633  3.15159265 
     26/101      1.00000000  0.01000000  0.00000000  1.00000000  1.57079633  3.15159265 
     27/101      1.00000000  0.01000000  0.00000000  1.00000000  1.57079633  3.15159265 
     28/101      1.00000000  0.01000000  0.00000000  1.00000000  1.57079633  3.15159265 
     29/101      1.00000000  0.01000000  0.00000000  1.00000000  1.57079633  3.15159265 
     30/101      1.00000000  0.01000000  0.00000000  1.00000000  1.57079633  3.15159265 
     31/101      1.00000000  0.01000000  0.00000000  1.00000000  1.57079633  3.15159265 
     32/101      1.00000000  0.01000000  0.00000000  1.00000000  1.57079633  3.15159265 
     33/101      1.00000000  0.01000000  0.00000000  1.00000000  1.57079633  3.15159265 
     34/101      1.00000000  0.01000000  0.00000000  1.00000000  1.57079633  3.15159265 
     35/101      1.00000000  0.01000000  0.00000000  1.00000000  1.57079633  3.15159265 
     36/101      1.00000000  0.01000000  0.00000000  1.00000000  1.57079633  3.15159265 
     37/101      1.00000000  0.01000000  0.00000000  1.00000000  1.57079633  3.15159265 
     38/101      1.00000000  0.01000000  0.00000000  1.00000000  1.57079633  3.15159265 
     39/101      1.00000000  0.01000000  0.00000000  1.00000000  1.57079633  3.15159265 
     40/101      1.00000000  0.01000000  0.00000000  1.00000000  1.57948817  6.20536811 
     41/101      1.00000000  0.01000000  0.00000000  1.00000000  1.57079633  0.01000000 
     42/101      1.00000000  0.01000000  0.00000000  1.00000000  1.57079652  6.28318043 
     43/101      1.00000000  0.01000000  0.00000000  1.00000000  1.57079633  6.28318530 
     44/101      1.00000000  0.01000000  0.00000000  1.00000000  1.57079633  0.01000000 
     45/101      1.00000000  0.01000000  0.00000000  1.00000000  1.57079601  6.28318460 
     46/101      1.00000000  0.01000000  0.00000000  1.00000000  1.57079633  0.01000000 
     47/101      1.00000000  0.01000000  0.00000000  1.00000000  1.57079665  6.28318365 
     48/101      1.00000000  0.01000000  0.00000000  1.00000000  1.57079633  6.28318530 
     49/101      1.00000000  0.01000000  0.00000000  1.00000000  1.57079633  0.01000000 
     50/101      1.00000000  0.01000000  0.00000000  1.00000000  1.57079604  6.28318255 
     51/101      1.00000000  0.01000000  0.00000000  1.00000000  1.57079633  0.01000000 
     52/101      1.00000000  0.01000000  0.00000000  1.00000000  1.57079668  6.28318469 
     53/101      1.00000000  0.01000000  0.00000000  1.00000000  1.57079633  0.01000000 
     54/101      1.00000000  0.01000000  0.00000000  1.00000000  1.57079604  6.28318255 
     55/101      1.00000000  0.01000000  0.00000000  1.00000000  1.57079633  6.28318530 
     56/101      1.00000000  0.01000000  0.00000000  1.00000000  1.57079633  0.01000000 
     57/101      1.00000000  0.01000000  0.00000000  1.00000000  1.57079665  6.28318365 
     58/101      1.00000000  0.01000000  0.00000000  1.00000000  1.57079633  0.01000000 
     59/101      1.00000000  0.01000000  0.00000000  1.00000000  1.57079601  6.28318460 
     60/101      1.00000000  0.01000000  0.00000000  1.00000000  1.57079633  6.28318531 
     61/101      1.00000000  0.01000000  0.00000000  1.00000000  1.57079633  0.01000000 
     62/101      1.00000000  0.01000000  0.00000000  1.00000000  1.57079652  6.28318043 
     63/101      1.00000000  0.01000000  0.00000000  1.00000000  1.57079633  0.01000000 
     64/101      1.00000000  0.01000000  0.00000000  1.00000000  1.57079633  0.01000000 
     65/101      1.00000000  0.01000000  0.00000000  1.00000000  1.57079633  0.01000000 
     66/101      1.00000000  0.01000000  0.00000000  1.00000000  1.57079655  6.28318120 
     67/101      1.00000000  0.01000000  0.00000000  1.00000000  1.57079633  0.01000000 
     68/101      1.00000000  0.01000000  0.00000000  1.00000000  1.57079633  0.01000000 
     69/101      1.00000000  0.01000000  0.00000000  1.00000000  1.57079633  0.01000000 
     70/101      1.00000000  0.01000000  0.00000000  1.00000000  1.57079647  6.28318005 
     71/101      1.00000000  0.01000000  0.00000000  1.00000000  1.57079633  0.01000000 
     72/101      1.00000000  0.01000000  0.00000000  1.00000000  1.57079633  0.01000000 
     73/101      1.00000000  0.01000000  0.00000000  1.00000000  1.57079657  6.28318388 
     74/101      1.00000000  0.01000000  0.00000000  1.00000000  1.57079633  0.01000000 
     75/101      1.00000000  0.01000000  0.00000000  1.00000000  1.57079633  0.01000000 
     76/101      1.00000000  0.01000000  0.00000000  1.00000000  1.57079633  0.01000000 
     77/101      1.00000000  0.01000000  0.00000000  1.00000000  1.57079626  6.28317998 
     78/101      1.00000000  0.01000000  0.00000000  1.00000000  1.57079633  6.28318530 
     79/101      1.00000000  0.01000000  0.00000000  1.00000000  1.57079633  0.01000000 
     80/101      1.00000000  0.01000000  0.00000000  1.00000000  1.57079617  6.28318291 
     81/101      1.00000000  0.01000000  0.00000000  1.00000000  1.57079633  0.01000000 
     82/101      1.00000000  0.01000000  0.00000000  1.00000000  1.57079633  6.28317935 
     83/101      1.00000000  0.01000000  0.00000000  1.00000000  1.57079633  6.28318530 
     84/101      1.00000000  0.01000000  0.00000000  1.00000000  1.57079633  0.01000000 
     85/101      1.00000000  0.01000000  0.00000000  1.00000000  1.57079633  0.01000000 
     86/101      1.00000000  0.01000000  0.00000000  1.00000000  1.57079623  6.28318294 
     87/101      1.00000000  0.01000000  0.00000000  1.00000000  1.57079633  0.01000000 
     88/101      1.00000000  0.01000000  0.00000000  1.00000000  1.57079641  6.28318117 
     89/101      1.00000000  0.01000000  0.00000000  1.00000000  1.57079633  0.01000000 
     90/101      1.00000000  0.01000000  0.00000000  1.00000000  1.57948817  3.06377546 
     91/101      1.00000000  0.01000000  0.00000000  1.00000000  1.57079633  3.15159265 
     92/101      1.00000000  0.01000000  0.00000000  1.00000000  1.57079633  3.15159265 
     93/101      1.00000000  0.01000000  0.00000000  1.00000000  1.57079633  3.15159265 
     94/101      1.00000000  0.01000000  0.00000000  1.00000000  1.57079633  3.15159265 
     95/101      1.00000000  0.01000000  0.00000000  1.00000000  1.57079633  3.15159265 
     96/101      1.00000000  0.01000000  0.00000000  1.00000000  1.57079633  3.15159265 
     97/101      1.00000000  0.01000000  0.00000000  1.00000000  1.57079633  3.15159265 
     98/101      1.00000000  0.01000000  0.00000000  1.00000000  1.57079633  3.15159265 
     99/101      1.00000000  0.01000000  0.00000000  1.00000000  1.57079633  3.15159265 
    100/101      1.00000000  0.01000000  0.00000000  1.00000000  1.57079633  3.15159265 
    101/101      1.00000000  0.01000000  0.00000000  1.00000000  1.57079633  3.15159265 
'solve_hysteresis'  1316.40 ms
